<?xml version="1.0" encoding="UTF-8"?>
<testng-results skipped="0" failed="0" ignored="0" total="1" passed="1">
  <reporter-output>
    <line>
      <![CDATA[STEP1]]>
    </line>
    <line>
      <![CDATA[STEP2]]>
    </line>
  </reporter-output>
  <suite name="Default suite" duration-ms="13528" started-at="2018-05-06T10:55:46Z" finished-at="2018-05-06T10:55:59Z">
    <groups>
    </groups>
    <test name="Default test" duration-ms="13528" started-at="2018-05-06T10:55:46Z" finished-at="2018-05-06T10:55:59Z">
      <class name="Atu.teeee">
        <test-method status="PASS" signature="setup()[pri:0, instance:Atu.teeee@6483f5ae]" name="setup" is-config="true" duration-ms="12688" started-at="2018-05-06T10:55:46Z" finished-at="2018-05-06T10:55:58Z">
          <reporter-output>
            <line>
              <![CDATA[STEP1]]>
            </line>
            <line>
              <![CDATA[STEP2]]>
            </line>
          </reporter-output>
        </test-method> <!-- setup -->
        <test-method status="PASS" signature="verify_Menus()[pri:0, instance:Atu.teeee@6483f5ae]" name="verify_Menus" duration-ms="75" started-at="2018-05-06T10:55:58Z" finished-at="2018-05-06T10:55:58Z">
          <reporter-output>
          </reporter-output>
        </test-method> <!-- verify_Menus -->
        <test-method status="PASS" signature="quit()[pri:0, instance:Atu.teeee@6483f5ae]" name="quit" is-config="true" duration-ms="737" started-at="2018-05-06T10:55:58Z" finished-at="2018-05-06T10:55:59Z">
          <reporter-output>
          </reporter-output>
        </test-method> <!-- quit -->
      </class> <!-- Atu.teeee -->
    </test> <!-- Default test -->
  </suite> <!-- Default suite -->
</testng-results>
