<?xml version="1.0" encoding="UTF-8"?>
<!-- Generated by org.testng.reporters.JUnitXMLReporter -->
<testsuite hostname="LAPTOP-9LB5Q4CJ" ignored="0" name="Test" tests="2" failures="1" timestamp="08 May 2018 09:33:22 GMT" time="0.079" errors="0">
  <testcase name="@BeforeClass setup" time="0.031" classname="com.apitesting.TestAPI.GETTEST">
    <failure type="java.lang.Exception" message="Envrionment is not correct">
      <![CDATA[java.lang.Exception: Envrionment is not correct
at com.apitesting.TestAPI.GETTEST.setup(GETTEST.java:67)
... Removed 26 stack frames]]>
    </failure>
  </testcase> <!-- @BeforeClass setup -->
  <testcase name="test01_get_status_code" time="0.0" classname="com.apitesting.TestAPI.GETTEST">
    <skipped/>
  </testcase> <!-- test01_get_status_code -->
  <testcase name="test01_get_status_code" time="0.012" classname="com.apitesting.TestAPI.GETTEST">
    <failure type="java.lang.NullPointerException">
      <![CDATA[java.lang.NullPointerException
at atu.testng.reports.listeners.ATUReportsListener.getRelativePathFromSuiteLevel(Unknown Source)
at atu.testng.reports.listeners.ATUReportsListener.getReportDir(Unknown Source)
at atu.testng.reports.listeners.ATUReportsListener.createReportDir(Unknown Source)
at atu.testng.reports.listeners.MethodListener.beforeInvocation(Unknown Source)
... Removed 23 stack frames]]>
    </failure>
  </testcase> <!-- test01_get_status_code -->
</testsuite> <!-- Test -->
